#
# There is insufficient memory for the Java Runtime Environment to continue.
# Native memory allocation (malloc) failed to allocate 578384 bytes for Chunk::new
# Possible reasons:
#   The system is out of physical RAM or swap space
#   In 32 bit mode, the process size limit was hit
# Possible solutions:
#   Reduce memory load on the system
#   Increase physical memory or swap space
#   Check if swap backing store is full
#   Use 64 bit Java on a 64 bit OS
#   Decrease Java heap size (-Xmx/-Xms)
#   Decrease number of Java threads
#   Decrease Java thread stack sizes (-Xss)
#   Set larger code cache with -XX:ReservedCodeCacheSize=
# This output file may be truncated or incomplete.
#
#  Out of Memory Error (allocation.cpp:323), pid=6336, tid=7432
#
# JRE version: Java(TM) SE Runtime Environment (7.0_80-b15) (build 1.7.0_80-b15)
# Java VM: Java HotSpot(TM) 64-Bit Server VM (24.80-b11 mixed mode windows-amd64 compressed oops)
# Failed to write core dump. Minidumps are not enabled by default on client versions of Windows
#

---------------  T H R E A D  ---------------

Current thread (0x000000000841d800):  JavaThread "C2 CompilerThread1" daemon [_thread_in_native, id=7432, stack(0x0000000009a60000,0x0000000009b60000)]

Stack: [0x0000000009a60000,0x0000000009b60000]

Current CompileTask:
C2:   9006  228   !         com.android.dx.cf.code.BytecodeArray::parseInstruction (2764 bytes)


---------------  P R O C E S S  ---------------

Java Threads: ( => current thread )
  0x0000000008420800 JavaThread "Service Thread" daemon [_thread_blocked, id=14904, stack(0x0000000009b60000,0x0000000009c60000)]
=>0x000000000841d800 JavaThread "C2 CompilerThread1" daemon [_thread_in_native, id=7432, stack(0x0000000009a60000,0x0000000009b60000)]
  0x00000000083f2000 JavaThread "C2 CompilerThread0" daemon [_thread_blocked, id=15996, stack(0x0000000009960000,0x0000000009a60000)]
  0x000000000840f800 JavaThread "Attach Listener" daemon [_thread_blocked, id=12156, stack(0x0000000009860000,0x0000000009960000)]
  0x00000000083f0800 JavaThread "Signal Dispatcher" daemon [_thread_blocked, id=15340, stack(0x0000000009760000,0x0000000009860000)]
  0x00000000083b9000 JavaThread "Finalizer" daemon [_thread_blocked, id=12224, stack(0x0000000009660000,0x0000000009760000)]
  0x00000000083b5800 JavaThread "Reference Handler" daemon [_thread_blocked, id=15508, stack(0x0000000009560000,0x0000000009660000)]
  0x0000000002450800 JavaThread "main" [_thread_in_Java, id=9360, stack(0x0000000001f80000,0x0000000002080000)]

Other Threads:
  0x00000000083b0800 VMThread [stack: 0x0000000009460000,0x0000000009560000] [id=15200]
  0x000000000842e800 WatcherThread [stack: 0x0000000009c60000,0x0000000009d60000] [id=9004]

VM state:not at safepoint (normal execution)

VM Mutex/Monitor currently owned by a thread: None

Heap
 PSYoungGen      total 38400K, used 28025K [0x00000000eaa80000, 0x00000000ed500000, 0x0000000100000000)
  eden space 33280K, 84% used [0x00000000eaa80000,0x00000000ec5de750,0x00000000ecb00000)
  from space 5120K, 0% used [0x00000000ed000000,0x00000000ed000000,0x00000000ed500000)
  to   space 5120K, 0% used [0x00000000ecb00000,0x00000000ecb00000,0x00000000ed000000)
 ParOldGen       total 86016K, used 0K [0x00000000c0000000, 0x00000000c5400000, 0x00000000eaa80000)
  object space 86016K, 0% used [0x00000000c0000000,0x00000000c0000000,0x00000000c5400000)
 PSPermGen       total 21504K, used 5465K [0x00000000bae00000, 0x00000000bc300000, 0x00000000c0000000)
  object space 21504K, 25% used [0x00000000bae00000,0x00000000bb3564a8,0x00000000bc300000)

Card table byte_map: [0x0000000005620000,0x0000000005850000] byte_map_base: 0x0000000005049000

Polling page: 0x00000000001f0000

Code Cache  [0x0000000002620000, 0x0000000002890000, 0x0000000005620000)
 total_blobs=463 nmethods=230 adapters=185 free_code_cache=48227Kb largest_free_block=49336640

Compilation events (10 events):
Event: 8.917 Thread 0x000000000841d800 nmethod 225 0x00000000026dba50 code [0x00000000026dbba0, 0x00000000026dbc98]
Event: 8.925 Thread 0x00000000083f2000  227   !         com.android.dx.util.IntList::set (53 bytes)
Event: 8.926 Thread 0x000000000841d800  228   !         com.android.dx.cf.code.BytecodeArray::parseInstruction (2764 bytes)
Event: 8.926 Thread 0x00000000083f2000 nmethod 227 0x00000000026db350 code [0x00000000026db4a0, 0x00000000026db578]
Event: 8.926 Thread 0x00000000083f2000  229             com.android.dx.cf.code.ByteOps::opInfo (6 bytes)
Event: 8.927 Thread 0x00000000083f2000 nmethod 229 0x0000000002702350 code [0x0000000002702480, 0x00000000027024d8]
Event: 8.934 Thread 0x00000000083f2000  230             com.android.dx.util.BitIntSet::<init> (13 bytes)
Event: 8.935 Thread 0x00000000083f2000 nmethod 230 0x0000000002702010 code [0x0000000002702160, 0x0000000002702278]
Event: 8.979 Thread 0x00000000083f2000  231             com.android.dx.util.FixedSizeList::hashCode (8 bytes)
Event: 8.982 Thread 0x00000000083f2000 nmethod 231 0x0000000002701c10 code [0x0000000002701d60, 0x0000000002701eb8]

GC Heap History (0 events):
No events

Deoptimization events (10 events):
Event: 8.801 Thread 0x0000000002450800 Uncommon trap: reason=bimorphic action=maybe_recompile pc=0x000000000269c434 method=com.android.dx.rop.code.RegisterSpec.equals(ILcom/android/dx/rop/type/TypeBearer;Lcom/android/dx/rop/code/LocalItem;)Z @ 13
Event: 8.801 Thread 0x0000000002450800 Uncommon trap: reason=bimorphic action=maybe_recompile pc=0x000000000269c020 method=com.android.dx.rop.code.RegisterSpec.getCategory()I @ 4
Event: 8.801 Thread 0x0000000002450800 Uncommon trap: reason=bimorphic action=maybe_recompile pc=0x000000000269c434 method=com.android.dx.rop.code.RegisterSpec.equals(ILcom/android/dx/rop/type/TypeBearer;Lcom/android/dx/rop/code/LocalItem;)Z @ 13
Event: 8.801 Thread 0x0000000002450800 Uncommon trap: reason=bimorphic action=maybe_recompile pc=0x000000000269c434 method=com.android.dx.rop.code.RegisterSpec.equals(ILcom/android/dx/rop/type/TypeBearer;Lcom/android/dx/rop/code/LocalItem;)Z @ 13
Event: 8.801 Thread 0x0000000002450800 Uncommon trap: reason=bimorphic action=maybe_recompile pc=0x00000000026b7568 method=com.android.dx.rop.code.RegisterSpec.getCategory()I @ 4
Event: 8.801 Thread 0x0000000002450800 Uncommon trap: reason=bimorphic action=maybe_recompile pc=0x00000000026b754c method=com.android.dx.rop.code.RegisterSpec.getCategory()I @ 4
Event: 8.802 Thread 0x0000000002450800 Uncommon trap: reason=bimorphic action=maybe_recompile pc=0x000000000268f9dc method=java.util.HashMap.put(Ljava/lang/Object;Ljava/lang/Object;)Ljava/lang/Object; @ 83
Event: 8.802 Thread 0x0000000002450800 Uncommon trap: reason=bimorphic action=maybe_recompile pc=0x000000000269c020 method=com.android.dx.rop.code.RegisterSpec.getCategory()I @ 4
Event: 8.803 Thread 0x0000000002450800 Uncommon trap: reason=bimorphic action=maybe_recompile pc=0x00000000026b7568 method=com.android.dx.rop.code.RegisterSpec.getCategory()I @ 4
Event: 8.912 Thread 0x0000000002450800 Uncommon trap: reason=null_check action=make_not_entrant pc=0x00000000026c4260 method=com.android.dx.rop.type.Type.equals(Ljava/lang/Object;)Z @ 8

Internal exceptions (10 events):
Event: 3.886 Thread 0x0000000002450800 Threw 0x00000000eb136b48 at C:\re\jdk7u80\2329\hotspot\src\share\vm\prims\jvm.cpp:1319
Event: 3.887 Thread 0x0000000002450800 Threw 0x00000000eb13c328 at C:\re\jdk7u80\2329\hotspot\src\share\vm\prims\jvm.cpp:1319
Event: 3.889 Thread 0x0000000002450800 Threw 0x00000000eb144d78 at C:\re\jdk7u80\2329\hotspot\src\share\vm\prims\jvm.cpp:1319
Event: 3.889 Thread 0x0000000002450800 Threw 0x00000000eb14a028 at C:\re\jdk7u80\2329\hotspot\src\share\vm\prims\jvm.cpp:1319
Event: 3.890 Thread 0x0000000002450800 Threw 0x00000000eb14d0e0 at C:\re\jdk7u80\2329\hotspot\src\share\vm\prims\jvm.cpp:1319
Event: 4.020 Thread 0x0000000002450800 Threw 0x00000000eb1781f0 at C:\re\jdk7u80\2329\hotspot\src\share\vm\prims\jvm.cpp:1319
Event: 4.171 Thread 0x0000000002450800 Threw 0x00000000eb1cc6a0 at C:\re\jdk7u80\2329\hotspot\src\share\vm\prims\jvm.cpp:1319
Event: 4.185 Thread 0x0000000002450800 Threw 0x00000000eb1d6658 at C:\re\jdk7u80\2329\hotspot\src\share\vm\prims\jvm.cpp:1319
Event: 7.021 Thread 0x0000000002450800 Threw 0x00000000eb662e10 at C:\re\jdk7u80\2329\hotspot\src\share\vm\prims\jvm.cpp:1319
Event: 8.912 Thread 0x0000000002450800 Implicit null exception at 0x00000000026c4152 to 0x00000000026c4251

Events (10 events):
Event: 8.802 Thread 0x0000000002450800 DEOPT UNPACKING pc=0x00000000026575a4 sp=0x000000000207e5d8 mode 2
Event: 8.802 Thread 0x0000000002450800 Uncommon trap: trap_request=0xffffffc6 fr.pc=0x000000000269c020
Event: 8.802 Thread 0x0000000002450800 DEOPT PACKING pc=0x000000000269c020 sp=0x000000000207e710
Event: 8.802 Thread 0x0000000002450800 DEOPT UNPACKING pc=0x00000000026575a4 sp=0x000000000207e6a8 mode 2
Event: 8.803 Thread 0x0000000002450800 Uncommon trap: trap_request=0xffffffc6 fr.pc=0x00000000026b7568
Event: 8.803 Thread 0x0000000002450800 DEOPT PACKING pc=0x00000000026b7568 sp=0x000000000207e670
Event: 8.803 Thread 0x0000000002450800 DEOPT UNPACKING pc=0x00000000026575a4 sp=0x000000000207e4f8 mode 2
Event: 8.912 Thread 0x0000000002450800 Uncommon trap: trap_request=0xfffffff4 fr.pc=0x00000000026c4260
Event: 8.912 Thread 0x0000000002450800 DEOPT PACKING pc=0x00000000026c4260 sp=0x000000000207e5a0
Event: 8.912 Thread 0x0000000002450800 DEOPT UNPACKING pc=0x00000000026575a4 sp=0x000000000207e548 mode 2


Dynamic libraries:
0x00007ff6ffc90000 - 0x00007ff6ffcc3000 	H:\Android\Eclipse\JDK\bin\java.exe
0x00007ffd5b820000 - 0x00007ffd5b9e1000 	C:\WINDOWS\SYSTEM32\ntdll.dll
0x00007ffd5b6f0000 - 0x00007ffd5b79d000 	C:\WINDOWS\system32\KERNEL32.DLL
0x00007ffd58360000 - 0x00007ffd58548000 	C:\WINDOWS\system32\KERNELBASE.dll
0x00007ffd58c00000 - 0x00007ffd58ca7000 	C:\WINDOWS\system32\ADVAPI32.dll
0x00007ffd59770000 - 0x00007ffd5980d000 	C:\WINDOWS\system32\msvcrt.dll
0x00007ffd5af80000 - 0x00007ffd5afdb000 	C:\WINDOWS\system32\sechost.dll
0x00007ffd5b5a0000 - 0x00007ffd5b6bc000 	C:\WINDOWS\system32\RPCRT4.dll
0x00007ffd594e0000 - 0x00007ffd59636000 	C:\WINDOWS\system32\USER32.dll
0x00007ffd5b410000 - 0x00007ffd5b596000 	C:\WINDOWS\system32\GDI32.dll
0x00007ffd537d0000 - 0x00007ffd53a44000 	C:\WINDOWS\WinSxS\amd64_microsoft.windows.common-controls_6595b64144ccf1df_6.0.10586.0_none_8c15ae12515e1c22\COMCTL32.dll
0x00007ffd59260000 - 0x00007ffd594dd000 	C:\WINDOWS\system32\combase.dll
0x00007ffd57f90000 - 0x00007ffd57ffa000 	C:\WINDOWS\system32\bcryptPrimitives.dll
0x00007ffd596c0000 - 0x00007ffd596fb000 	C:\WINDOWS\system32\IMM32.DLL
0x00007ffd56de0000 - 0x00007ffd56e11000 	C:\Windows\system32\nvinitx.dll
0x00007ffd56dd0000 - 0x00007ffd56dda000 	C:\WINDOWS\SYSTEM32\VERSION.dll
0x000000006b610000 - 0x000000006b6e2000 	H:\Android\Eclipse\JDK\jre\bin\msvcr100.dll
0x00000000697d0000 - 0x0000000069fa9000 	H:\Android\Eclipse\JDK\jre\bin\server\jvm.dll
0x00007ffd58dc0000 - 0x00007ffd58dc8000 	C:\WINDOWS\system32\PSAPI.DLL
0x00007ffd4bb00000 - 0x00007ffd4bb09000 	C:\WINDOWS\SYSTEM32\WSOCK32.dll
0x00007ffd59650000 - 0x00007ffd596bb000 	C:\WINDOWS\system32\WS2_32.dll
0x00007ffd56020000 - 0x00007ffd56043000 	C:\WINDOWS\SYSTEM32\WINMM.dll
0x00007ffd55ff0000 - 0x00007ffd5601c000 	C:\WINDOWS\SYSTEM32\WINMMBASE.dll
0x00007ffd58000000 - 0x00007ffd58043000 	C:\WINDOWS\system32\cfgmgr32.dll
0x000000006bf90000 - 0x000000006bf9f000 	H:\Android\Eclipse\JDK\jre\bin\verify.dll
0x000000006bf60000 - 0x000000006bf88000 	H:\Android\Eclipse\JDK\jre\bin\java.dll
0x000000006bf40000 - 0x000000006bf56000 	H:\Android\Eclipse\JDK\jre\bin\zip.dll
0x000000006bf20000 - 0x000000006bf3a000 	H:\Android\Eclipse\JDK\jre\bin\net.dll
0x00007ffd57750000 - 0x00007ffd577ac000 	C:\WINDOWS\system32\mswsock.dll
0x000000006bf00000 - 0x000000006bf11000 	H:\Android\Eclipse\JDK\jre\bin\nio.dll

VM Arguments:
jvm_args: -Djava.awt.headless=true -Xmx1024M -Dfile.encoding=GBK -Duser.country=CN -Duser.language=zh -Duser.variant 
java_command: com.android.dx.command.Main --dex --output D:\android\andorid5\DLPort\DLPort\app\build\intermediates\pre-dexed\debug\jpush-android-2.1.3_f1c43822c81e07f2bf2e31b4b658e1f007516eed.jar D:\android\andorid5\DLPort\DLPort\app\libs\jpush-android-2.1.3.jar
Launcher Type: SUN_STANDARD

Environment Variables:
JAVA_HOME=H:\Android\Eclipse\JDK
CLASSPATH=H:\Android\Eclipse\JDK\lib;
PATH=G:\Oracle\oracle\app\oracle\product\11.2.0\server\bin;H:\Android\Eclipse\JDK\bin;C:\WINDOWS\system32;C:\WINDOWS;C:\WINDOWS\System32\Wbem;C:\WINDOWS\System32\WindowsPowerShell\v1.0\;C:\Program Files\Microsoft\Web Platform Installer\;C:\Program Files (x86)\Microsoft ASP.NET\ASP.NET Web Pages\v1.0\;C:\Program Files (x86)\Windows Kits\8.0\Windows Performance Toolkit\;C:\Program Files\Microsoft SQL Server\110\Tools\Binn\;H:\UML\Common
USERNAME=Administrator
OS=Windows_NT
PROCESSOR_IDENTIFIER=Intel64 Family 6 Model 58 Stepping 9, GenuineIntel



---------------  S Y S T E M  ---------------

OS: Windows 8.1 , 64 bit Build 9600 

CPU:total 4 (2 cores per cpu, 2 threads per core) family 6 model 58 stepping 9, cmov, cx8, fxsr, mmx, sse, sse2, sse3, ssse3, sse4.1, sse4.2, popcnt, avx, aes, erms, ht, tsc, tscinvbit, tscinv

Memory: 4k page, physical 8267112k(3212848k free), swap 15941424k(5380k free)

vm_info: Java HotSpot(TM) 64-Bit Server VM (24.80-b11) for windows-amd64 JRE (1.7.0_80-b15), built on Apr 10 2015 11:26:34 by "java_re" with unknown MS VC++:1600

time: Mon May 30 16:26:37 2016
elapsed time: 9 seconds

