#
# There is insufficient memory for the Java Runtime Environment to continue.
# Native memory allocation (malloc) failed to allocate 314400 bytes for Chunk::new
# Possible reasons:
#   The system is out of physical RAM or swap space
#   In 32 bit mode, the process size limit was hit
# Possible solutions:
#   Reduce memory load on the system
#   Increase physical memory or swap space
#   Check if swap backing store is full
#   Use 64 bit Java on a 64 bit OS
#   Decrease Java heap size (-Xmx/-Xms)
#   Decrease number of Java threads
#   Decrease Java thread stack sizes (-Xss)
#   Set larger code cache with -XX:ReservedCodeCacheSize=
# This output file may be truncated or incomplete.
#
#  Out of Memory Error (allocation.cpp:323), pid=15868, tid=7332
#
# JRE version: Java(TM) SE Runtime Environment (7.0_80-b15) (build 1.7.0_80-b15)
# Java VM: Java HotSpot(TM) 64-Bit Server VM (24.80-b11 mixed mode windows-amd64 compressed oops)
# Failed to write core dump. Minidumps are not enabled by default on client versions of Windows
#

---------------  T H R E A D  ---------------

Current thread (0x00000000083bf000):  JavaThread "C2 CompilerThread0" daemon [_thread_in_native, id=7332, stack(0x0000000009920000,0x0000000009a20000)]

Stack: [0x0000000009920000,0x0000000009a20000]

Current CompileTask:
C2:   8087  228   !         com.android.dx.cf.code.Ropper::processBlock (1101 bytes)


---------------  P R O C E S S  ---------------

Java Threads: ( => current thread )
  0x00000000083cf000 JavaThread "Service Thread" daemon [_thread_blocked, id=8844, stack(0x0000000009b20000,0x0000000009c20000)]
  0x00000000083c9000 JavaThread "C2 CompilerThread1" daemon [_thread_in_native, id=5368, stack(0x0000000009a20000,0x0000000009b20000)]
=>0x00000000083bf000 JavaThread "C2 CompilerThread0" daemon [_thread_in_native, id=7332, stack(0x0000000009920000,0x0000000009a20000)]
  0x00000000083be000 JavaThread "Attach Listener" daemon [_thread_blocked, id=8600, stack(0x0000000009820000,0x0000000009920000)]
  0x00000000083a0000 JavaThread "Signal Dispatcher" daemon [_thread_blocked, id=15264, stack(0x0000000009720000,0x0000000009820000)]
  0x0000000008369000 JavaThread "Finalizer" daemon [_thread_blocked, id=13508, stack(0x0000000009620000,0x0000000009720000)]
  0x0000000008365800 JavaThread "Reference Handler" daemon [_thread_blocked, id=12456, stack(0x0000000009520000,0x0000000009620000)]
  0x00000000023c0800 JavaThread "main" [_thread_in_Java, id=7084, stack(0x00000000022c0000,0x00000000023c0000)]

Other Threads:
  0x0000000008360800 VMThread [stack: 0x0000000009420000,0x0000000009520000] [id=2764]
  0x00000000083dd000 WatcherThread [stack: 0x0000000009c20000,0x0000000009d20000] [id=4496]

VM state:not at safepoint (normal execution)

VM Mutex/Monitor currently owned by a thread: None

Heap
 PSYoungGen      total 38400K, used 31980K [0x00000000eaa80000, 0x00000000ed500000, 0x0000000100000000)
  eden space 33280K, 96% used [0x00000000eaa80000,0x00000000ec9bb2a8,0x00000000ecb00000)
  from space 5120K, 0% used [0x00000000ed000000,0x00000000ed000000,0x00000000ed500000)
  to   space 5120K, 0% used [0x00000000ecb00000,0x00000000ecb00000,0x00000000ed000000)
 ParOldGen       total 86016K, used 0K [0x00000000c0000000, 0x00000000c5400000, 0x00000000eaa80000)
  object space 86016K, 0% used [0x00000000c0000000,0x00000000c0000000,0x00000000c5400000)
 PSPermGen       total 21504K, used 5585K [0x00000000bae00000, 0x00000000bc300000, 0x00000000c0000000)
  object space 21504K, 25% used [0x00000000bae00000,0x00000000bb3744c0,0x00000000bc300000)

Card table byte_map: [0x0000000005580000,0x00000000057b0000] byte_map_base: 0x0000000004fa9000

Polling page: 0x00000000001f0000

Code Cache  [0x00000000024c0000, 0x0000000002730000, 0x00000000054c0000)
 total_blobs=470 nmethods=234 adapters=188 free_code_cache=48198Kb largest_free_block=49332160

Compilation events (10 events):
Event: 7.989 Thread 0x00000000083c9000 nmethod 231 0x00000000025a0910 code [0x00000000025a0aa0, 0x00000000025a1238]
Event: 7.990 Thread 0x00000000083c9000  232             com.android.dx.ssa.SsaMethod::buildUseList (112 bytes)
Event: 8.004 Thread 0x00000000083c9000 nmethod 232 0x00000000025b1410 code [0x00000000025b15e0, 0x00000000025b1d88]
Event: 8.004 Thread 0x00000000083c9000  233             com.android.dx.rop.code.InsnList::getLast (11 bytes)
Event: 8.006 Thread 0x00000000083c9000 nmethod 233 0x000000000258d1d0 code [0x000000000258d320, 0x000000000258d3f8]
Event: 8.028 Thread 0x00000000083c9000  234             com.android.dx.ssa.back.SsaToRop::convertInsns (53 bytes)
Event: 8.036 Thread 0x00000000083c9000 nmethod 234 0x00000000025b09d0 code [0x00000000025b0b40, 0x00000000025b0f18]
Event: 8.051 Thread 0x00000000083c9000  235             com.android.dx.ssa.SsaBasicBlock::getCountPhiInsns (45 bytes)
Event: 8.056 Thread 0x00000000083c9000 nmethod 235 0x000000000259e890 code [0x000000000259e9e0, 0x000000000259ebd8]
Event: 8.060 Thread 0x00000000083c9000  236             com.android.dx.ssa.back.SsaToRop::removePhiFunctions (83 bytes)

GC Heap History (0 events):
No events

Deoptimization events (6 events):
Event: 4.306 Thread 0x00000000023c0800 Uncommon trap: reason=unstable_if action=reinterpret pc=0x000000000252bb20 method=java.util.HashMap.getEntry(Ljava/lang/Object;)Ljava/util/HashMap$Entry; @ 71
Event: 4.957 Thread 0x00000000023c0800 Uncommon trap: reason=null_check action=make_not_entrant pc=0x000000000253a97c method=com.android.dx.rop.code.LocalItem.equals(Ljava/lang/Object;)Z @ 1
Event: 6.472 Thread 0x00000000023c0800 Uncommon trap: reason=unstable_if action=reinterpret pc=0x000000000253f990 method=com.android.dx.ssa.SsaRenamer$BlockRenamer.addMapping(ILcom/android/dx/rop/code/RegisterSpec;)V @ 120
Event: 7.232 Thread 0x00000000023c0800 Uncommon trap: reason=null_check action=make_not_entrant pc=0x0000000002580394 method=com.android.dx.ssa.SsaRenamer.getLocalForNewReg(I)Lcom/android/dx/rop/code/LocalItem; @ 19
Event: 7.869 Thread 0x00000000023c0800 Uncommon trap: reason=null_check action=make_not_entrant pc=0x00000000025539d0 method=com.android.dx.rop.type.Type.equals(Ljava/lang/Object;)Z @ 8
Event: 7.972 Thread 0x00000000023c0800 Uncommon trap: reason=unstable_if action=reinterpret pc=0x0000000002549904 method=com.android.dx.rop.cst.Constant.compareTo(Lcom/android/dx/rop/cst/Constant;)I @ 12

Internal exceptions (10 events):
Event: 4.856 Thread 0x00000000023c0800 Threw 0x00000000eb46e030 at C:\re\jdk7u80\2329\hotspot\src\share\vm\prims\jvm.cpp:1319
Event: 4.957 Thread 0x00000000023c0800 Implicit null exception at 0x000000000253a785 to 0x000000000253a955
Event: 6.396 Thread 0x00000000023c0800 Threw 0x00000000ebb52ff0 at C:\re\jdk7u80\2329\hotspot\src\share\vm\prims\jvm.cpp:1319
Event: 7.232 Thread 0x00000000023c0800 Implicit null exception at 0x000000000257ef68 to 0x0000000002580365
Event: 7.635 Thread 0x00000000023c0800 Threw 0x00000000ec46b228 at C:\re\jdk7u80\2329\hotspot\src\share\vm\prims\jvm.cpp:1319
Event: 7.782 Thread 0x00000000023c0800 Threw 0x00000000ec50a728 at C:\re\jdk7u80\2329\hotspot\src\share\vm\prims\jvm.cpp:1319
Event: 7.869 Thread 0x00000000023c0800 Implicit null exception at 0x00000000025538d2 to 0x00000000025539c2
Event: 7.990 Thread 0x00000000023c0800 Threw 0x00000000ec824a90 at C:\re\jdk7u80\2329\hotspot\src\share\vm\prims\jvm.cpp:1319
Event: 7.992 Thread 0x00000000023c0800 Threw 0x00000000ec82e8a0 at C:\re\jdk7u80\2329\hotspot\src\share\vm\prims\jvm.cpp:1319
Event: 7.992 Thread 0x00000000023c0800 Threw 0x00000000ec830ba8 at C:\re\jdk7u80\2329\hotspot\src\share\vm\prims\jvm.cpp:1319

Events (10 events):
Event: 7.975 loading class 0x0000000002443a20
Event: 7.975 loading class 0x0000000002443a20 done
Event: 7.975 Executing VM operation: Deoptimize
Event: 7.975 Executing VM operation: Deoptimize done
Event: 7.990 loading class 0x0000000009e04b00
Event: 7.990 loading class 0x0000000009e04b00 done
Event: 7.992 loading class 0x000000000841a080
Event: 7.992 loading class 0x000000000841a080 done
Event: 7.992 loading class 0x0000000009e9ea50
Event: 7.992 loading class 0x0000000009e9ea50 done


Dynamic libraries:
0x00007ff6ffc90000 - 0x00007ff6ffcc3000 	H:\Android\Eclipse\JDK\bin\java.exe
0x00007ffd5b820000 - 0x00007ffd5b9e1000 	C:\WINDOWS\SYSTEM32\ntdll.dll
0x00007ffd5b6f0000 - 0x00007ffd5b79d000 	C:\WINDOWS\system32\KERNEL32.DLL
0x00007ffd58360000 - 0x00007ffd58548000 	C:\WINDOWS\system32\KERNELBASE.dll
0x00007ffd58c00000 - 0x00007ffd58ca7000 	C:\WINDOWS\system32\ADVAPI32.dll
0x00007ffd59770000 - 0x00007ffd5980d000 	C:\WINDOWS\system32\msvcrt.dll
0x00007ffd5af80000 - 0x00007ffd5afdb000 	C:\WINDOWS\system32\sechost.dll
0x00007ffd5b5a0000 - 0x00007ffd5b6bc000 	C:\WINDOWS\system32\RPCRT4.dll
0x00007ffd594e0000 - 0x00007ffd59636000 	C:\WINDOWS\system32\USER32.dll
0x00007ffd5b410000 - 0x00007ffd5b596000 	C:\WINDOWS\system32\GDI32.dll
0x00007ffd537d0000 - 0x00007ffd53a44000 	C:\WINDOWS\WinSxS\amd64_microsoft.windows.common-controls_6595b64144ccf1df_6.0.10586.0_none_8c15ae12515e1c22\COMCTL32.dll
0x00007ffd59260000 - 0x00007ffd594dd000 	C:\WINDOWS\system32\combase.dll
0x00007ffd57f90000 - 0x00007ffd57ffa000 	C:\WINDOWS\system32\bcryptPrimitives.dll
0x00007ffd596c0000 - 0x00007ffd596fb000 	C:\WINDOWS\system32\IMM32.DLL
0x00007ffd56de0000 - 0x00007ffd56e11000 	C:\Windows\system32\nvinitx.dll
0x00007ffd56dd0000 - 0x00007ffd56dda000 	C:\WINDOWS\SYSTEM32\VERSION.dll
0x000000006b610000 - 0x000000006b6e2000 	H:\Android\Eclipse\JDK\jre\bin\msvcr100.dll
0x00000000697d0000 - 0x0000000069fa9000 	H:\Android\Eclipse\JDK\jre\bin\server\jvm.dll
0x00007ffd58dc0000 - 0x00007ffd58dc8000 	C:\WINDOWS\system32\PSAPI.DLL
0x00007ffd4bb00000 - 0x00007ffd4bb09000 	C:\WINDOWS\SYSTEM32\WSOCK32.dll
0x00007ffd59650000 - 0x00007ffd596bb000 	C:\WINDOWS\system32\WS2_32.dll
0x00007ffd56020000 - 0x00007ffd56043000 	C:\WINDOWS\SYSTEM32\WINMM.dll
0x00007ffd55ff0000 - 0x00007ffd5601c000 	C:\WINDOWS\SYSTEM32\WINMMBASE.dll
0x00007ffd58000000 - 0x00007ffd58043000 	C:\WINDOWS\system32\cfgmgr32.dll
0x000000006bf90000 - 0x000000006bf9f000 	H:\Android\Eclipse\JDK\jre\bin\verify.dll
0x000000006bf60000 - 0x000000006bf88000 	H:\Android\Eclipse\JDK\jre\bin\java.dll
0x000000006bf40000 - 0x000000006bf56000 	H:\Android\Eclipse\JDK\jre\bin\zip.dll
0x000000006bf20000 - 0x000000006bf3a000 	H:\Android\Eclipse\JDK\jre\bin\net.dll
0x00007ffd57750000 - 0x00007ffd577ac000 	C:\WINDOWS\system32\mswsock.dll
0x000000006bf00000 - 0x000000006bf11000 	H:\Android\Eclipse\JDK\jre\bin\nio.dll

VM Arguments:
jvm_args: -Djava.awt.headless=true -Xmx1024M -Dfile.encoding=GBK -Duser.country=CN -Duser.language=zh -Duser.variant 
java_command: com.android.dx.command.Main --dex --output D:\android\andorid5\DLPort\DLPort\app\build\intermediates\pre-dexed\debug\universal-image-loader-1.9.2-SNAPSHOT-with-sources_0814b52fc2152cc6a85a9533aa59a27e48a30761.jar D:\android\andorid5\DLPort\DLPort\app\libs\universal-image-loader-1.9.2-SNAPSHOT-with-sources.jar
Launcher Type: SUN_STANDARD

Environment Variables:
JAVA_HOME=H:\Android\Eclipse\JDK
CLASSPATH=H:\Android\Eclipse\JDK\lib;
PATH=G:\Oracle\oracle\app\oracle\product\11.2.0\server\bin;H:\Android\Eclipse\JDK\bin;C:\WINDOWS\system32;C:\WINDOWS;C:\WINDOWS\System32\Wbem;C:\WINDOWS\System32\WindowsPowerShell\v1.0\;C:\Program Files\Microsoft\Web Platform Installer\;C:\Program Files (x86)\Microsoft ASP.NET\ASP.NET Web Pages\v1.0\;C:\Program Files (x86)\Windows Kits\8.0\Windows Performance Toolkit\;C:\Program Files\Microsoft SQL Server\110\Tools\Binn\;H:\UML\Common
USERNAME=Administrator
OS=Windows_NT
PROCESSOR_IDENTIFIER=Intel64 Family 6 Model 58 Stepping 9, GenuineIntel



---------------  S Y S T E M  ---------------

OS: Windows 8.1 , 64 bit Build 9600 

CPU:total 4 (2 cores per cpu, 2 threads per core) family 6 model 58 stepping 9, cmov, cx8, fxsr, mmx, sse, sse2, sse3, ssse3, sse4.1, sse4.2, popcnt, avx, aes, erms, ht, tsc, tscinvbit, tscinv

Memory: 4k page, physical 8267112k(3212856k free), swap 15941424k(5380k free)

vm_info: Java HotSpot(TM) 64-Bit Server VM (24.80-b11) for windows-amd64 JRE (1.7.0_80-b15), built on Apr 10 2015 11:26:34 by "java_re" with unknown MS VC++:1600

time: Mon May 30 16:26:37 2016
elapsed time: 8 seconds

