#
# There is insufficient memory for the Java Runtime Environment to continue.
# Native memory allocation (malloc) failed to allocate 1048576 bytes for AllocateHeap
# Possible reasons:
#   The system is out of physical RAM or swap space
#   In 32 bit mode, the process size limit was hit
# Possible solutions:
#   Reduce memory load on the system
#   Increase physical memory or swap space
#   Check if swap backing store is full
#   Use 64 bit Java on a 64 bit OS
#   Decrease Java heap size (-Xmx/-Xms)
#   Decrease number of Java threads
#   Decrease Java thread stack sizes (-Xss)
#   Set larger code cache with -XX:ReservedCodeCacheSize=
# This output file may be truncated or incomplete.
#
#  Out of Memory Error (memory/allocation.inline.hpp:61), pid=8344, tid=3536
#
# JRE version:  (7.0_80-b15) (build )
# Java VM: Java HotSpot(TM) 64-Bit Server VM (24.80-b11 mixed mode windows-amd64 compressed oops)
# Failed to write core dump. Minidumps are not enabled by default on client versions of Windows
#

---------------  T H R E A D  ---------------

Current thread (0x0000000002540800):  JavaThread "Unknown thread" [_thread_in_vm, id=3536, stack(0x0000000002440000,0x0000000002540000)]

Stack: [0x0000000002440000,0x0000000002540000]

---------------  P R O C E S S  ---------------

Java Threads: ( => current thread )

Other Threads:

=>0x0000000002540800 (exited) JavaThread "Unknown thread" [_thread_in_vm, id=3536, stack(0x0000000002440000,0x0000000002540000)]

VM state:not at safepoint (normal execution)

VM Mutex/Monitor currently owned by a thread: None

Heap
 PSYoungGen      total 38400K, used 665K [0x00000000eaa80000, 0x00000000ed500000, 0x0000000100000000)
  eden space 33280K, 2% used [0x00000000eaa80000,0x00000000eab266b8,0x00000000ecb00000)
  from space 5120K, 0% used [0x00000000ed000000,0x00000000ed000000,0x00000000ed500000)
  to   space 5120K, 0% used [0x00000000ecb00000,0x00000000ecb00000,0x00000000ed000000)
 ParOldGen       total 86016K, used 0K [0x00000000c0000000, 0x00000000c5400000, 0x00000000eaa80000)
  object space 86016K, 0% used [0x00000000c0000000,0x00000000c0000000,0x00000000c5400000)
 PSPermGen       total 21504K, used 697K [0x00000000bae00000, 0x00000000bc300000, 0x00000000c0000000)
  object space 21504K, 3% used [0x00000000bae00000,0x00000000baeae5c8,0x00000000bc300000)

Card table byte_map: [0x0000000005700000,0x0000000005930000] byte_map_base: 0x0000000005129000

Polling page: 0x0000000000800000

Code Cache  [0x0000000002640000, 0x00000000028b0000, 0x0000000005640000)
 total_blobs=38 nmethods=0 adapters=20 free_code_cache=48889Kb largest_free_block=50062528

Compilation events (0 events):
No events

GC Heap History (0 events):
No events

Deoptimization events (0 events):
No events

Internal exceptions (0 events):
No events

Events (10 events):
Event: 0.025 loading class 0x0000000002585410
Event: 0.025 loading class 0x0000000002585410 done
Event: 0.025 loading class 0x0000000002585460
Event: 0.025 loading class 0x0000000002585460 done
Event: 0.025 loading class 0x00000000025854b0
Event: 0.025 loading class 0x00000000025854b0 done
Event: 0.026 loading class 0x0000000002586230
Event: 0.026 loading class 0x0000000002586230 done
Event: 0.026 loading class 0x0000000002585e50
Event: 0.026 loading class 0x0000000002585e50 done


Dynamic libraries:
0x00007ff6ffc90000 - 0x00007ff6ffcc3000 	H:\Android\Eclipse\JDK\bin\java.exe
0x00007ffd5b820000 - 0x00007ffd5b9e1000 	C:\WINDOWS\SYSTEM32\ntdll.dll
0x00007ffd5b6f0000 - 0x00007ffd5b79d000 	C:\WINDOWS\system32\KERNEL32.DLL
0x00007ffd58360000 - 0x00007ffd58548000 	C:\WINDOWS\system32\KERNELBASE.dll
0x00007ffd58c00000 - 0x00007ffd58ca7000 	C:\WINDOWS\system32\ADVAPI32.dll
0x00007ffd59770000 - 0x00007ffd5980d000 	C:\WINDOWS\system32\msvcrt.dll
0x00007ffd5af80000 - 0x00007ffd5afdb000 	C:\WINDOWS\system32\sechost.dll
0x00007ffd5b5a0000 - 0x00007ffd5b6bc000 	C:\WINDOWS\system32\RPCRT4.dll
0x00007ffd594e0000 - 0x00007ffd59636000 	C:\WINDOWS\system32\USER32.dll
0x00007ffd5b410000 - 0x00007ffd5b596000 	C:\WINDOWS\system32\GDI32.dll
0x00007ffd537d0000 - 0x00007ffd53a44000 	C:\WINDOWS\WinSxS\amd64_microsoft.windows.common-controls_6595b64144ccf1df_6.0.10586.0_none_8c15ae12515e1c22\COMCTL32.dll
0x00007ffd59260000 - 0x00007ffd594dd000 	C:\WINDOWS\system32\combase.dll
0x00007ffd57f90000 - 0x00007ffd57ffa000 	C:\WINDOWS\system32\bcryptPrimitives.dll
0x00007ffd596c0000 - 0x00007ffd596fb000 	C:\WINDOWS\system32\IMM32.DLL
0x00007ffd56de0000 - 0x00007ffd56e11000 	C:\Windows\system32\nvinitx.dll
0x00007ffd56dd0000 - 0x00007ffd56dda000 	C:\WINDOWS\SYSTEM32\VERSION.dll
0x000000006b610000 - 0x000000006b6e2000 	H:\Android\Eclipse\JDK\jre\bin\msvcr100.dll
0x00000000697d0000 - 0x0000000069fa9000 	H:\Android\Eclipse\JDK\jre\bin\server\jvm.dll
0x00007ffd58dc0000 - 0x00007ffd58dc8000 	C:\WINDOWS\system32\PSAPI.DLL
0x00007ffd4bb00000 - 0x00007ffd4bb09000 	C:\WINDOWS\SYSTEM32\WSOCK32.dll
0x00007ffd56020000 - 0x00007ffd56043000 	C:\WINDOWS\SYSTEM32\WINMM.dll
0x00007ffd59650000 - 0x00007ffd596bb000 	C:\WINDOWS\system32\WS2_32.dll
0x00007ffd55ff0000 - 0x00007ffd5601c000 	C:\WINDOWS\SYSTEM32\WINMMBASE.dll
0x00007ffd58000000 - 0x00007ffd58043000 	C:\WINDOWS\system32\cfgmgr32.dll
0x000000006bf90000 - 0x000000006bf9f000 	H:\Android\Eclipse\JDK\jre\bin\verify.dll
0x000000006bf60000 - 0x000000006bf88000 	H:\Android\Eclipse\JDK\jre\bin\java.dll
0x000000006bf40000 - 0x000000006bf56000 	H:\Android\Eclipse\JDK\jre\bin\zip.dll

VM Arguments:
jvm_args: -Djava.awt.headless=true -Xmx1024M -Dfile.encoding=GBK -Duser.country=CN -Duser.language=zh -Duser.variant 
java_command: com.android.dx.command.Main --dex --output D:\android\andorid5\DLPort\DLPort\app\build\intermediates\pre-dexed\debug\jpush-android-2.1.3_f1c43822c81e07f2bf2e31b4b658e1f007516eed.jar D:\android\andorid5\DLPort\DLPort\app\libs\jpush-android-2.1.3.jar
Launcher Type: SUN_STANDARD

Environment Variables:
JAVA_HOME=H:\Android\Eclipse\JDK
CLASSPATH=H:\Android\Eclipse\JDK\lib;
PATH=G:\Oracle\oracle\app\oracle\product\11.2.0\server\bin;H:\Android\Eclipse\JDK\bin;C:\WINDOWS\system32;C:\WINDOWS;C:\WINDOWS\System32\Wbem;C:\WINDOWS\System32\WindowsPowerShell\v1.0\;C:\Program Files\Microsoft\Web Platform Installer\;C:\Program Files (x86)\Microsoft ASP.NET\ASP.NET Web Pages\v1.0\;C:\Program Files (x86)\Windows Kits\8.0\Windows Performance Toolkit\;C:\Program Files\Microsoft SQL Server\110\Tools\Binn\;H:\UML\Common
USERNAME=Administrator
OS=Windows_NT
PROCESSOR_IDENTIFIER=Intel64 Family 6 Model 58 Stepping 9, GenuineIntel



---------------  S Y S T E M  ---------------

OS: Windows 8.1 , 64 bit Build 9600 

CPU:total 4 (2 cores per cpu, 2 threads per core) family 6 model 58 stepping 9, cmov, cx8, fxsr, mmx, sse, sse2, sse3, ssse3, sse4.1, sse4.2, popcnt, avx, aes, erms, ht, tsc, tscinvbit, tscinv

Memory: 4k page, physical 8267112k(3229168k free), swap 15941424k(6008k free)

vm_info: Java HotSpot(TM) 64-Bit Server VM (24.80-b11) for windows-amd64 JRE (1.7.0_80-b15), built on Apr 10 2015 11:26:34 by "java_re" with unknown MS VC++:1600

time: Mon May 30 16:27:34 2016
elapsed time: 0 seconds

